mode: set
project-api/api/common/dresponse.go:10.52,15.2 1 1
project-api/api/common/dresponse.go:18.55,23.2 1 1
project-api/api/common/dresponse.go:26.44,31.2 1 1
project-api/api/common/dresponse.go:34.46,39.2 1 1
project-api/api/common/dresponse.go:42.44,47.2 1 1
project-api/api/controllers/user/user.go:17.60,21.2 1 1
project-api/api/controllers/user/user.go:23.74,25.16 2 1
project-api/api/controllers/user/user.go:29.2,29.36 1 1
project-api/api/controllers/user/user.go:25.16,27.3 1 0
project-api/api/controllers/user/user.go:32.71,35.16 2 1
project-api/api/controllers/user/user.go:39.2,40.16 2 1
project-api/api/controllers/user/user.go:44.2,49.40 2 1
project-api/api/controllers/user/user.go:35.16,37.3 1 0
project-api/api/controllers/user/user.go:40.16,42.3 1 0
project-api/api/controllers/user/user.go:52.72,56.45 2 1
project-api/api/controllers/user/user.go:60.2,68.16 3 1
project-api/api/controllers/user/user.go:72.2,72.68 1 1
project-api/api/controllers/user/user.go:56.45,58.3 1 0
project-api/api/controllers/user/user.go:68.16,70.3 1 0
project-api/api/controllers/user/user.go:75.72,78.16 2 1
project-api/api/controllers/user/user.go:83.2,84.45 2 1
project-api/api/controllers/user/user.go:88.2,94.63 2 1
project-api/api/controllers/user/user.go:98.2,98.68 1 1
project-api/api/controllers/user/user.go:78.16,80.3 1 0
project-api/api/controllers/user/user.go:84.45,86.3 1 0
project-api/api/controllers/user/user.go:94.63,96.3 1 0
project-api/api/controllers/user/user.go:101.74,104.16 2 1
project-api/api/controllers/user/user.go:108.2,108.59 1 1
project-api/api/controllers/user/user.go:112.2,112.68 1 1
project-api/api/controllers/user/user.go:104.16,106.3 1 0
project-api/api/controllers/user/user.go:108.59,110.3 1 0
project-api/api/controllers/user/user.go:115.73,118.45 2 0
project-api/api/controllers/user/user.go:122.2,124.16 2 0
project-api/api/controllers/user/user.go:128.2,130.4 1 0
project-api/api/controllers/user/user.go:118.45,120.3 1 0
project-api/api/controllers/user/user.go:124.16,126.3 1 0
project-api/api/controllers/book/book.go:17.60,21.2 1 1
project-api/api/controllers/book/book.go:23.74,25.16 2 1
project-api/api/controllers/book/book.go:29.2,29.36 1 1
project-api/api/controllers/book/book.go:25.16,27.3 1 0
project-api/api/controllers/book/book.go:32.71,35.16 2 1
project-api/api/controllers/book/book.go:39.2,40.16 2 1
project-api/api/controllers/book/book.go:44.2,50.40 2 1
project-api/api/controllers/book/book.go:35.16,37.3 1 0
project-api/api/controllers/book/book.go:40.16,42.3 1 0
project-api/api/controllers/book/book.go:53.72,57.45 2 1
project-api/api/controllers/book/book.go:61.2,69.16 3 1
project-api/api/controllers/book/book.go:73.2,73.68 1 1
project-api/api/controllers/book/book.go:57.45,59.3 1 0
project-api/api/controllers/book/book.go:69.16,71.3 1 0
project-api/api/controllers/book/book.go:76.72,79.16 2 1
project-api/api/controllers/book/book.go:84.2,85.45 2 1
project-api/api/controllers/book/book.go:89.2,95.67 2 1
project-api/api/controllers/book/book.go:99.2,99.68 1 1
project-api/api/controllers/book/book.go:79.16,81.3 1 0
project-api/api/controllers/book/book.go:85.45,87.3 1 0
project-api/api/controllers/book/book.go:95.67,97.3 1 0
project-api/api/controllers/book/book.go:102.74,105.16 2 1
project-api/api/controllers/book/book.go:109.2,109.63 1 1
project-api/api/controllers/book/book.go:113.2,113.68 1 1
project-api/api/controllers/book/book.go:105.16,107.3 1 0
project-api/api/controllers/book/book.go:109.63,111.3 1 0
